running develop
/usr/lib/python3/dist-packages/setuptools/command/easy_install.py:158: EasyInstallDeprecationWarning: easy_install command is deprecated. Use build and pip and other standards-based tools.
  warnings.warn(
running egg_info
creating turtle_control_breno.egg-info
writing turtle_control_breno.egg-info/PKG-INFO
writing dependency_links to turtle_control_breno.egg-info/dependency_links.txt
writing entry points to turtle_control_breno.egg-info/entry_points.txt
writing requirements to turtle_control_breno.egg-info/requires.txt
writing top-level names to turtle_control_breno.egg-info/top_level.txt
writing manifest file 'turtle_control_breno.egg-info/SOURCES.txt'
reading manifest file 'turtle_control_breno.egg-info/SOURCES.txt'
writing manifest file 'turtle_control_breno.egg-info/SOURCES.txt'
running build_ext
Creating /home/lcee/breno/ros2_ws/install/turtle_control_breno/lib/python3.10/site-packages/turtle-control-breno.egg-link (link to .)
Installing turtle_control script to /home/lcee/breno/ros2_ws/install/turtle_control_breno/lib/turtle_control_breno

Installed /home/lcee/breno/ros2_ws/build/turtle_control_breno
running symlink_data
creating /home/lcee/breno/ros2_ws/install/turtle_control_breno/share/ament_index
creating /home/lcee/breno/ros2_ws/install/turtle_control_breno/share/ament_index/resource_index
creating /home/lcee/breno/ros2_ws/install/turtle_control_breno/share/ament_index/resource_index/packages
symbolically linking /home/lcee/breno/ros2_ws/build/turtle_control_breno/resource/turtle_control_breno -> /home/lcee/breno/ros2_ws/install/turtle_control_breno/share/ament_index/resource_index/packages
symbolically linking /home/lcee/breno/ros2_ws/build/turtle_control_breno/package.xml -> /home/lcee/breno/ros2_ws/install/turtle_control_breno/share/turtle_control_breno
