[0.901s] Invoking command in '/home/lcee/breno/ros2_ws/build/turtle_control_breno': PYTHONPATH=/home/lcee/breno/ros2_ws/build/turtle_control_breno/prefix_override:/usr/lib/python3/dist-packages/colcon_core/task/python/colcon_distutils_commands:/home/lcee/breno/ros2_ws/install/turtle_control_breno/lib/python3.10/site-packages:${PYTHONPATH} /usr/bin/python3 -W ignore:setup.py install is deprecated setup.py develop --editable --build-directory /home/lcee/breno/ros2_ws/build/turtle_control_breno/build --no-deps symlink_data
[1.122s] running develop
[1.167s] /usr/lib/python3/dist-packages/setuptools/command/easy_install.py:158: EasyInstallDeprecationWarning: easy_install command is deprecated. Use build and pip and other standards-based tools.
[1.167s]   warnings.warn(
[1.305s] running egg_info
[1.305s] creating turtle_control_breno.egg-info
[1.305s] writing turtle_control_breno.egg-info/PKG-INFO
[1.305s] writing dependency_links to turtle_control_breno.egg-info/dependency_links.txt
[1.305s] writing entry points to turtle_control_breno.egg-info/entry_points.txt
[1.305s] writing requirements to turtle_control_breno.egg-info/requires.txt
[1.305s] writing top-level names to turtle_control_breno.egg-info/top_level.txt
[1.306s] writing manifest file 'turtle_control_breno.egg-info/SOURCES.txt'
[1.307s] reading manifest file 'turtle_control_breno.egg-info/SOURCES.txt'
[1.307s] writing manifest file 'turtle_control_breno.egg-info/SOURCES.txt'
[1.308s] running build_ext
[1.308s] Creating /home/lcee/breno/ros2_ws/install/turtle_control_breno/lib/python3.10/site-packages/turtle-control-breno.egg-link (link to .)
[1.309s] Installing turtle_control script to /home/lcee/breno/ros2_ws/install/turtle_control_breno/lib/turtle_control_breno
[1.309s] 
[1.309s] Installed /home/lcee/breno/ros2_ws/build/turtle_control_breno
[1.309s] running symlink_data
[1.309s] creating /home/lcee/breno/ros2_ws/install/turtle_control_breno/share/ament_index
[1.310s] creating /home/lcee/breno/ros2_ws/install/turtle_control_breno/share/ament_index/resource_index
[1.310s] creating /home/lcee/breno/ros2_ws/install/turtle_control_breno/share/ament_index/resource_index/packages
[1.310s] symbolically linking /home/lcee/breno/ros2_ws/build/turtle_control_breno/resource/turtle_control_breno -> /home/lcee/breno/ros2_ws/install/turtle_control_breno/share/ament_index/resource_index/packages
[1.310s] symbolically linking /home/lcee/breno/ros2_ws/build/turtle_control_breno/package.xml -> /home/lcee/breno/ros2_ws/install/turtle_control_breno/share/turtle_control_breno
[1.327s] Invoked command in '/home/lcee/breno/ros2_ws/build/turtle_control_breno' returned '0': PYTHONPATH=/home/lcee/breno/ros2_ws/build/turtle_control_breno/prefix_override:/usr/lib/python3/dist-packages/colcon_core/task/python/colcon_distutils_commands:/home/lcee/breno/ros2_ws/install/turtle_control_breno/lib/python3.10/site-packages:${PYTHONPATH} /usr/bin/python3 -W ignore:setup.py install is deprecated setup.py develop --editable --build-directory /home/lcee/breno/ros2_ws/build/turtle_control_breno/build --no-deps symlink_data
